16:44:20 **** Incremental Build of configuration Debug for project Keypad ****
make all 
Building file: ../keypad.c
Invoking: AVR Compiler
avr-gcc -Wall -g2 -gstabs -O0 -fpack-struct -fshort-enums -ffunction-sections -fdata-sections -std=gnu99 -funsigned-char -funsigned-bitfields -mmcu=atmega32 -DF_CPU=1000000UL -MMD -MP -MF"keypad.d" -MT"keypad.o" -c -o "keypad.o" "../keypad.c"
Finished building: ../keypad.c
 
Building target: Keypad.elf
Invoking: AVR C Linker
avr-gcc -Wl,-Map,Keypad.map -mmcu=atmega32 -o "Keypad.elf"  ./gpio.o ./keypad.o ./main.o   
Finished building target: Keypad.elf
 
Invoking: AVR Create Extended Listing
avr-objdump -h -S Keypad.elf  >"Keypad.lss"
Finished building: Keypad.lss
 
Invoking: Print Size
avr-size --format=avr --mcu=atmega32 Keypad.elf
AVR Memory Usage
----------------
Device: atmega32

Program:    2164 bytes (6.6% Full)
(.text + .data + .bootloader)

Data:          0 bytes (0.0% Full)
(.data + .bss + .noinit)


Finished building: sizedummy
 

16:44:21 Build Finished. 0 errors, 0 warnings. (took 635ms)

